<?xml version="1.0" encoding="UTF-8"?>
<!-- Generated by org.testng.reporters.JUnitReportReporter -->
<testsuite skipped="0" hostname="LAPTOP-JUA214HQ" name="BaseUri" tests="1" failures="0" timestamp="2020-08-26T11:16:28 IST" time="2.237" errors="0">
  <testcase name="baseUri" time="2.237" classname="BaseUri"/>
  <system-out/>
</testsuite> <!-- BaseUri -->
