<?xml version="1.0" encoding="UTF-8"?>
<!-- Generated by org.testng.reporters.JUnitReportReporter -->
<testsuite skipped="0" hostname="LAPTOP-JUA214HQ" name="Teknotrait_getAllDeletedassets" tests="1" failures="0" timestamp="2020-08-24T18:45:54 IST" time="4.812" errors="0">
  <testcase name="test_01" time="4.812" classname="Teknotrait_getAllDeletedassets"/>
  <system-out/>
</testsuite> <!-- Teknotrait_getAllDeletedassets -->
