<?xml version="1.0" encoding="UTF-8"?>
<!-- Generated by org.testng.reporters.JUnitReportReporter -->
<testsuite skipped="0" hostname="LAPTOP-JUA214HQ" name="deleteApiDemo" tests="1" failures="0" timestamp="2020-08-25T11:19:49 IST" time="3.463" errors="0">
  <testcase name="deleteAPIdemo" time="3.463" classname="deleteApiDemo"/>
  <system-out/>
</testsuite> <!-- deleteApiDemo -->
