<?xml version="1.0" encoding="UTF-8"?>
<!-- Generated by org.testng.reporters.JUnitReportReporter -->
<testsuite skipped="0" hostname="LAPTOP-JUA214HQ" name="DataDrivenExample" tests="4" failures="0" timestamp="2020-08-28T12:21:38 IST" time="2.970" errors="0">
  <testcase name="deleteRequest" time="2.848" classname="DataDrivenExample"/>
  <system-out/>
  <testcase name="deleteRequest" time="0.038" classname="DataDrivenExample"/>
  <system-out/>
  <testcase name="deleteRequest" time="0.043" classname="DataDrivenExample"/>
  <system-out/>
  <testcase name="deleteRequest" time="0.041" classname="DataDrivenExample"/>
  <system-out/>
</testsuite> <!-- DataDrivenExample -->
