<?xml version="1.0" encoding="UTF-8"?>
<!-- Generated by org.testng.reporters.JUnitReportReporter -->
<testsuite skipped="0" hostname="LAPTOP-JUA214HQ" name="postApiDemo" tests="1" failures="0" timestamp="2020-08-24T23:09:36 IST" time="3.653" errors="0">
  <testcase name="Test_post1" time="3.653" classname="postApiDemo"/>
  <system-out/>
</testsuite> <!-- postApiDemo -->
