<?xml version="1.0" encoding="UTF-8"?>
<!-- Generated by org.testng.reporters.JUnitReportReporter -->
<testsuite skipped="0" hostname="LAPTOP-JUA214HQ" name="DataDriven.DataDrivenExample" tests="1" failures="0" timestamp="2020-08-31T16:02:39 IST" time="2.176" errors="0">
  <testcase name="deleteRequest" time="2.176" classname="DataDriven.DataDrivenExample"/>
  <system-out/>
</testsuite> <!-- DataDriven.DataDrivenExample -->
