<?xml version="1.0" encoding="UTF-8"?>
<!-- Generated by org.testng.reporters.JUnitReportReporter -->
<testsuite skipped="0" hostname="LAPTOP-JUA214HQ" name="Test01_GET" tests="2" failures="0" timestamp="2020-08-24T23:27:31 IST" time="4.725" errors="0">
  <testcase name="test_02" time="1.872" classname="Test01_GET"/>
  <system-out/>
  <testcase name="test_01" time="2.853" classname="Test01_GET"/>
  <system-out/>
</testsuite> <!-- Test01_GET -->
