<?xml version="1.0" encoding="UTF-8"?>
<!-- Generated by org.testng.reporters.JUnitReportReporter -->
<testsuite skipped="0" hostname="LAPTOP-JUA214HQ" name="getApiDemo" tests="1" failures="0" timestamp="2020-08-24T21:27:06 IST" time="5.350" errors="0">
  <testcase name="test_03" time="5.350" classname="getApiDemo"/>
  <system-out/>
</testsuite> <!-- getApiDemo -->
