<?xml version="1.0" encoding="UTF-8"?>
<!-- Generated by org.testng.reporters.JUnitReportReporter -->
<testsuite skipped="0" hostname="LAPTOP-JUA214HQ" name="PatchApiDemo" tests="1" failures="0" timestamp="2020-08-25T11:04:18 IST" time="3.559" errors="0">
  <testcase name="patchApiDemo" time="3.559" classname="PatchApiDemo"/>
  <system-out/>
</testsuite> <!-- PatchApiDemo -->
