<?xml version="1.0" encoding="UTF-8"?>
<!-- Generated by org.testng.reporters.JUnitReportReporter -->
<testsuite skipped="0" hostname="LAPTOP-JUA214HQ" name="Params_APIresponse" tests="1" failures="0" timestamp="2020-08-26T12:20:21 IST" time="2.233" errors="0">
  <testcase name="deleteRequest" time="2.233" classname="Params_APIresponse"/>
  <system-out/>
</testsuite> <!-- Params_APIresponse -->
