<?xml version="1.0" encoding="UTF-8"?>
<!-- Generated by org.testng.reporters.JUnitReportReporter -->
<testsuite skipped="0" hostname="LAPTOP-JUA214HQ" name="putApiDemo" tests="1" failures="0" timestamp="2020-08-25T10:46:15 IST" time="8.439" errors="0">
  <testcase name="putApiDemo" time="8.439" classname="putApiDemo"/>
  <system-out/>
</testsuite> <!-- putApiDemo -->
